<?xml version="1.0" encoding="UTF-8" standalone="no"?>
<!DOCTYPE log SYSTEM "logger.dtd">
<log>
<record>
  <date>2017-01-08T18:40:33</date>
  <millis>1483897233391</millis>
  <sequence>17</sequence>
  <logger>jMetal</logger>
  <level>INFO</level>
  <class>org.uma.jmetal.runner.AbstractAlgorithmRunner</class>
  <method>printFinalSolutionSet</method>
  <thread>1</thread>
  <message>Random seed: 1483828559716</message>
</record>
<record>
  <date>2017-01-08T18:40:33</date>
  <millis>1483897233395</millis>
  <sequence>18</sequence>
  <logger>jMetal</logger>
  <level>INFO</level>
  <class>org.uma.jmetal.runner.AbstractAlgorithmRunner</class>
  <method>printFinalSolutionSet</method>
  <thread>1</thread>
  <message>Objectives values have been written to file FUN.tsv</message>
</record>
<record>
  <date>2017-01-08T18:40:33</date>
  <millis>1483897233396</millis>
  <sequence>19</sequence>
  <logger>jMetal</logger>
  <level>INFO</level>
  <class>org.uma.jmetal.runner.AbstractAlgorithmRunner</class>
  <method>printFinalSolutionSet</method>
  <thread>1</thread>
  <message>Variables values have been written to file VAR.tsv</message>
</record>
</log>
